2020-09-07 13:12:18,815 [MainThread  ] [INFO ]  
2020-09-07 13:12:18,816 [MainThread  ] [INFO ]  
2020-09-07 13:12:18,817 [MainThread  ] [INFO ]  
2020-09-07 13:12:18,817 [MainThread  ] [INFO ]  %%%%%%%%%%%%%%%%%% run_generation started at 07.09.2020 13:12:18,817740 %%%%%%%%%%%%%%%%%%
2020-09-07 13:12:18,819 [MainThread  ] [INFO ]  
2020-09-07 13:12:18,820 [MainThread  ] [INFO ]  ====================== update_input_config started at 07.09.2020 13:12:18,820080======================
2020-09-07 13:12:18,820 [MainThread  ] [INFO ]  execuion time: 0.0008087158203125 seconds
2020-09-07 13:12:18,821 [MainThread  ] [INFO ]  ====================== update_input_config finished at 07.09.2020 13:12:18,820891======================
2020-09-07 13:12:18,821 [MainThread  ] [INFO ]  
2020-09-07 13:12:18,822 [MainThread  ] [INFO ]  
2020-09-07 13:12:18,822 [MainThread  ] [INFO ]  ====================== fill_difference started at 07.09.2020 13:12:18,822880======================
2020-09-07 13:12:18,823 [MainThread  ] [INFO ]  execuion time: 0.000492095947265625 seconds
2020-09-07 13:12:18,823 [MainThread  ] [INFO ]  ====================== fill_difference finished at 07.09.2020 13:12:18,823373======================
2020-09-07 13:12:18,824 [MainThread  ] [INFO ]  
2020-09-07 13:12:18,828 [MainThread  ] [INFO ]  
2020-09-07 13:12:18,828 [MainThread  ] [INFO ]  ====================== generate_data started at 07.09.2020 13:12:18,828573======================
2020-09-07 13:12:18,835 [MainThread  ] [INFO ]  64 tuples has been generated!
2020-09-07 13:12:18,837 [MainThread  ] [INFO ]  
2020-09-07 13:12:18,846 [MainThread  ] [INFO ]  ====================== set_col_headers started at 07.09.2020 13:12:18,846008======================
2020-09-07 13:12:18,848 [MainThread  ] [INFO ]  execuion time: 0.0021576881408691406 seconds
2020-09-07 13:12:18,853 [MainThread  ] [INFO ]  ====================== set_col_headers finished at 07.09.2020 13:12:18,848166======================
2020-09-07 13:12:18,857 [MainThread  ] [INFO ]  
2020-09-07 13:12:18,860 [MainThread  ] [INFO ]  execuion time: 0.031372785568237305 seconds
2020-09-07 13:12:18,864 [MainThread  ] [INFO ]  ====================== generate_data finished at 07.09.2020 13:12:18,859913======================
2020-09-07 13:12:18,865 [MainThread  ] [INFO ]  
2020-09-07 13:12:18,869 [MainThread  ] [INFO ]  execuion time: 0.05130267143249512 seconds
2020-09-07 13:12:18,869 [MainThread  ] [INFO ]  %%%%%%%%%%%%%%%%%% run_generation finished at 07.09.2020 13:12:18,868995 %%%%%%%%%%%%%%%%%%
2020-09-07 13:12:18,882 [MainThread  ] [INFO ]  
2020-09-07 13:12:18,883 [MainThread  ] [INFO ]  
2020-09-07 13:12:18,885 [MainThread  ] [INFO ]  
2020-09-07 13:12:18,889 [MainThread  ] [INFO ]  %%%%%%%%%%%%%%%%%% normalize started at 07.09.2020 13:12:18,889448 %%%%%%%%%%%%%%%%%%
2020-09-07 13:12:19,807 [MainThread  ] [INFO ]  
2020-09-07 13:12:19,807 [MainThread  ] [INFO ]  ====================== Normalization of dataset data.csv started at 07.09.2020 13:12:19,807932======================
2020-09-07 13:12:19,808 [MainThread  ] [INFO ]  
2020-09-07 13:12:19,809 [MainThread  ] [INFO ]  ====================== fd_parser started at 07.09.2020 13:12:19,809075======================
2020-09-07 13:12:19,827 [MainThread  ] [INFO ]  execuion time: 0.018320560455322266 seconds
2020-09-07 13:12:19,827 [MainThread  ] [INFO ]  ====================== fd_parser finished at 07.09.2020 13:12:19,827388======================
2020-09-07 13:12:19,828 [MainThread  ] [INFO ]  
2020-09-07 13:12:19,907 [MainThread  ] [INFO ]  execuion time: 0.0999150276184082 seconds
2020-09-07 13:12:19,908 [MainThread  ] [INFO ]  ====================== Normalization of dataset data.csv finished at 07.09.2020 13:12:19,907830======================
2020-09-07 13:12:19,911 [MainThread  ] [INFO ]  
2020-09-07 13:12:19,917 [MainThread  ] [INFO ]  execuion time: 1.0277681350708008 seconds
2020-09-07 13:12:19,918 [MainThread  ] [INFO ]  %%%%%%%%%%%%%%%%%% normalize finished at 07.09.2020 13:12:19,917206 %%%%%%%%%%%%%%%%%%
2020-09-07 13:12:19,918 [MainThread  ] [INFO ]  
2020-09-07 13:12:19,928 [MainThread  ] [INFO ]  
2020-09-07 13:12:19,928 [MainThread  ] [INFO ]  
2020-09-07 13:12:19,936 [MainThread  ] [INFO ]  %%%%%%%%%%%%%%%%%% run_experiments started at 07.09.2020 13:12:19,935969 %%%%%%%%%%%%%%%%%%
2020-09-07 13:12:19,939 [MainThread  ] [INFO ]  
2020-09-07 13:12:19,939 [MainThread  ] [INFO ]  ====================== install_tools started at 07.09.2020 13:12:19,939875======================
2020-09-07 13:12:19,946 [MainThread  ] [INFO ]  execuion time: 0.0069599151611328125 seconds
2020-09-07 13:12:19,947 [MainThread  ] [INFO ]  ====================== install_tools finished at 07.09.2020 13:12:19,946830======================
2020-09-07 13:12:19,949 [MainThread  ] [INFO ]  
2020-09-07 13:12:19,959 [MainThread  ] [INFO ]  
2020-09-07 13:12:19,960 [MainThread  ] [INFO ]  ====================== sdm-rdfizer rdfizing dataset mapping--data_normal.ttl started at 07.09.2020 13:12:19,960106======================
2020-09-07 13:12:21,370 [MainThread  ] [INFO ]  b'Semantifying mapping--data_normal-sdm-rdfizer...'
2020-09-07 13:12:21,371 [MainThread  ] [INFO ]  b''
2020-09-07 13:12:21,372 [MainThread  ] [INFO ]  b''
2020-09-07 13:12:21,373 [MainThread  ] [INFO ]  b'TM: http://tib.de/ontario/mapping##Example'
2020-09-07 13:12:21,373 [MainThread  ] [INFO ]  b''
2020-09-07 13:12:21,374 [MainThread  ] [INFO ]  b''
2020-09-07 13:12:21,374 [MainThread  ] [INFO ]  b'TM: http://tib.de/ontario/mapping##E'
2020-09-07 13:12:21,375 [MainThread  ] [INFO ]  b''
2020-09-07 13:12:21,375 [MainThread  ] [INFO ]  b''
2020-09-07 13:12:21,376 [MainThread  ] [INFO ]  b'TM: http://tib.de/ontario/mapping##D'
2020-09-07 13:12:21,376 [MainThread  ] [INFO ]  b'Successfully semantified mapping--data_normal-sdm-rdfizer'
2020-09-07 13:12:21,377 [MainThread  ] [INFO ]  b''
2020-09-07 13:12:21,378 [MainThread  ] [INFO ]  execuion time: 1.418527364730835 seconds
2020-09-07 13:12:21,378 [MainThread  ] [INFO ]  ====================== sdm-rdfizer rdfizing dataset mapping--data_normal.ttl finished at 07.09.2020 13:12:21,378600======================
2020-09-07 13:12:21,379 [MainThread  ] [INFO ]  
2020-09-07 13:12:21,380 [MainThread  ] [INFO ]  
2020-09-07 13:12:21,382 [MainThread  ] [INFO ]  ====================== sdm-rdfizer rdfizing dataset mapping--data.ttl started at 07.09.2020 13:12:21,382681======================
2020-09-07 13:12:22,718 [MainThread  ] [INFO ]  b'Semantifying mapping--data-sdm-rdfizer...'
2020-09-07 13:12:22,719 [MainThread  ] [INFO ]  b''
2020-09-07 13:12:22,720 [MainThread  ] [INFO ]  b''
2020-09-07 13:12:22,720 [MainThread  ] [INFO ]  b'TM: http://tib.de/ontario/mapping##Example'
2020-09-07 13:12:22,721 [MainThread  ] [INFO ]  b'Successfully semantified mapping--data-sdm-rdfizer'
2020-09-07 13:12:22,721 [MainThread  ] [INFO ]  b''
2020-09-07 13:12:22,723 [MainThread  ] [INFO ]  execuion time: 1.3404936790466309 seconds
2020-09-07 13:12:22,723 [MainThread  ] [INFO ]  ====================== sdm-rdfizer rdfizing dataset mapping--data.ttl finished at 07.09.2020 13:12:22,723142======================
2020-09-07 13:12:22,724 [MainThread  ] [INFO ]  
2020-09-07 13:12:22,729 [MainThread  ] [INFO ]  execuion time: 2.7929813861846924 seconds
2020-09-07 13:12:22,729 [MainThread  ] [INFO ]  %%%%%%%%%%%%%%%%%% run_experiments finished at 07.09.2020 13:12:22,728957 %%%%%%%%%%%%%%%%%%
